c:\users\anush\source\repos\rp event\rp interface\debug\vc142.pdb
c:\users\anush\source\repos\rp event\rp interface\debug\vc142.idb
c:\users\anush\source\repos\rp event\rp interface\debug\rp interface.obj
c:\users\anush\source\repos\rp event\debug\rp interface.exe
c:\users\anush\source\repos\rp event\rp interface\debug\rp interface.ilk
c:\users\anush\source\repos\rp event\debug\rp interface.pdb
c:\users\anush\source\repos\rp event\rp interface\debug\rp interface.res
c:\users\anush\source\repos\rp event\rp interface\debug\nativecodeanalysis.read.1.tlog
c:\users\anush\source\repos\rp event\rp interface\debug\rp interface.nativecodeanalysis.xml
c:\users\anush\source\repos\rp event\rp interface\debug\vc.nativecodeanalysis.all.xml
c:\users\anush\source\repos\rp event\debug\rp interface.exe.lastcodeanalysissucceeded
c:\users\anush\source\repos\rp event\rp interface\debug\rp interface.tlog\cl.command.1.tlog
c:\users\anush\source\repos\rp event\rp interface\debug\rp interface.tlog\cl.read.1.tlog
c:\users\anush\source\repos\rp event\rp interface\debug\rp interface.tlog\cl.write.1.tlog
c:\users\anush\source\repos\rp event\rp interface\debug\rp interface.tlog\link.command.1.tlog
c:\users\anush\source\repos\rp event\rp interface\debug\rp interface.tlog\link.read.1.tlog
c:\users\anush\source\repos\rp event\rp interface\debug\rp interface.tlog\link.write.1.tlog
c:\users\anush\source\repos\rp event\rp interface\debug\rp interface.tlog\rc.command.1.tlog
c:\users\anush\source\repos\rp event\rp interface\debug\rp interface.tlog\rc.read.1.tlog
c:\users\anush\source\repos\rp event\rp interface\debug\rp interface.tlog\rc.write.1.tlog
